0 info it worked if it ends with ok
1 verbose cli [ 'C:\\Program Files\\nodejs\\node.exe',
1 verbose cli   'C:\\Program Files\\nodejs\\node_modules\\npm\\bin\\npm-cli.js',
1 verbose cli   'install',
1 verbose cli   'angular-google-mapsnpm',
1 verbose cli   'install',
1 verbose cli   'angular-google-maps' ]
2 info using npm@3.10.9
3 info using node@v6.9.2
4 silly loadCurrentTree Starting
5 silly install loadCurrentTree
6 silly install readLocalPackageData
7 silly fetchPackageMetaData angular-google-mapsnpm
8 silly fetchPackageMetaData install
9 silly fetchPackageMetaData angular-google-maps
10 silly fetchNamedPackageData angular-google-mapsnpm
11 silly mapToRegistry name angular-google-mapsnpm
12 silly mapToRegistry using default registry
13 silly mapToRegistry registry https://registry.npmjs.org/
14 silly mapToRegistry data Result {
14 silly mapToRegistry   raw: 'angular-google-mapsnpm',
14 silly mapToRegistry   scope: null,
14 silly mapToRegistry   escapedName: 'angular-google-mapsnpm',
14 silly mapToRegistry   name: 'angular-google-mapsnpm',
14 silly mapToRegistry   rawSpec: '',
14 silly mapToRegistry   spec: 'latest',
14 silly mapToRegistry   type: 'tag' }
15 silly mapToRegistry uri https://registry.npmjs.org/angular-google-mapsnpm
16 silly fetchNamedPackageData install
17 silly mapToRegistry name install
18 silly mapToRegistry using default registry
19 silly mapToRegistry registry https://registry.npmjs.org/
20 silly mapToRegistry data Result {
20 silly mapToRegistry   raw: 'install',
20 silly mapToRegistry   scope: null,
20 silly mapToRegistry   escapedName: 'install',
20 silly mapToRegistry   name: 'install',
20 silly mapToRegistry   rawSpec: '',
20 silly mapToRegistry   spec: 'latest',
20 silly mapToRegistry   type: 'tag' }
21 silly mapToRegistry uri https://registry.npmjs.org/install
22 silly fetchNamedPackageData angular-google-maps
23 silly mapToRegistry name angular-google-maps
24 silly mapToRegistry using default registry
25 silly mapToRegistry registry https://registry.npmjs.org/
26 silly mapToRegistry data Result {
26 silly mapToRegistry   raw: 'angular-google-maps',
26 silly mapToRegistry   scope: null,
26 silly mapToRegistry   escapedName: 'angular-google-maps',
26 silly mapToRegistry   name: 'angular-google-maps',
26 silly mapToRegistry   rawSpec: '',
26 silly mapToRegistry   spec: 'latest',
26 silly mapToRegistry   type: 'tag' }
27 silly mapToRegistry uri https://registry.npmjs.org/angular-google-maps
28 verbose request uri https://registry.npmjs.org/angular-google-mapsnpm
29 verbose request no auth needed
30 info attempt registry request try #1 at 12:58:02 AM
31 verbose request id 2a76b7fdb106aa79
32 http request GET https://registry.npmjs.org/angular-google-mapsnpm
33 verbose request uri https://registry.npmjs.org/install
34 verbose request no auth needed
35 info attempt registry request try #1 at 12:58:02 AM
36 verbose etag W/"58596f7e-d0b6"
37 verbose lastModified Tue, 20 Dec 2016 17:50:54 GMT
38 http request GET https://registry.npmjs.org/install
39 verbose request uri https://registry.npmjs.org/angular-google-maps
40 verbose request no auth needed
41 info attempt registry request try #1 at 12:58:02 AM
42 verbose etag W/"57e091b9-df0a"
43 verbose lastModified Tue, 20 Sep 2016 01:32:41 GMT
44 http request GET https://registry.npmjs.org/angular-google-maps
45 http 304 https://registry.npmjs.org/install
46 verbose headers { date: 'Sat, 24 Dec 2016 23:58:09 GMT',
46 verbose headers   via: '1.1 varnish',
46 verbose headers   'cache-control': 'max-age=300',
46 verbose headers   etag: 'W/"58596f7e-d0b6"',
46 verbose headers   age: '173',
46 verbose headers   connection: 'keep-alive',
46 verbose headers   'x-served-by': 'cache-lcy1140-LCY',
46 verbose headers   'x-cache': 'HIT',
46 verbose headers   'x-cache-hits': '1',
46 verbose headers   'x-timer': 'S1482623889.144113,VS0,VE0',
46 verbose headers   vary: 'Accept-Encoding' }
47 silly get cb [ 304,
47 silly get   { date: 'Sat, 24 Dec 2016 23:58:09 GMT',
47 silly get     via: '1.1 varnish',
47 silly get     'cache-control': 'max-age=300',
47 silly get     etag: 'W/"58596f7e-d0b6"',
47 silly get     age: '173',
47 silly get     connection: 'keep-alive',
47 silly get     'x-served-by': 'cache-lcy1140-LCY',
47 silly get     'x-cache': 'HIT',
47 silly get     'x-cache-hits': '1',
47 silly get     'x-timer': 'S1482623889.144113,VS0,VE0',
47 silly get     vary: 'Accept-Encoding' } ]
48 verbose etag https://registry.npmjs.org/install from cache
49 verbose get saving install to C:\Users\OGOCHUKWU\AppData\Roaming\npm-cache\registry.npmjs.org\install\.cache.json
50 verbose correctMkdir C:\Users\OGOCHUKWU\AppData\Roaming\npm-cache correctMkdir not in flight; initializing
51 http 304 https://registry.npmjs.org/angular-google-maps
52 verbose headers { date: 'Sat, 24 Dec 2016 23:58:09 GMT',
52 verbose headers   via: '1.1 varnish',
52 verbose headers   'cache-control': 'max-age=300',
52 verbose headers   etag: 'W/"57e091b9-df0a"',
52 verbose headers   age: '173',
52 verbose headers   connection: 'keep-alive',
52 verbose headers   'x-served-by': 'cache-lcy1121-LCY',
52 verbose headers   'x-cache': 'HIT',
52 verbose headers   'x-cache-hits': '1',
52 verbose headers   'x-timer': 'S1482623889.164006,VS0,VE0',
52 verbose headers   vary: 'Accept-Encoding' }
53 silly get cb [ 304,
53 silly get   { date: 'Sat, 24 Dec 2016 23:58:09 GMT',
53 silly get     via: '1.1 varnish',
53 silly get     'cache-control': 'max-age=300',
53 silly get     etag: 'W/"57e091b9-df0a"',
53 silly get     age: '173',
53 silly get     connection: 'keep-alive',
53 silly get     'x-served-by': 'cache-lcy1121-LCY',
53 silly get     'x-cache': 'HIT',
53 silly get     'x-cache-hits': '1',
53 silly get     'x-timer': 'S1482623889.164006,VS0,VE0',
53 silly get     vary: 'Accept-Encoding' } ]
54 verbose etag https://registry.npmjs.org/angular-google-maps from cache
55 verbose get saving angular-google-maps to C:\Users\OGOCHUKWU\AppData\Roaming\npm-cache\registry.npmjs.org\angular-google-maps\.cache.json
56 verbose correctMkdir C:\Users\OGOCHUKWU\AppData\Roaming\npm-cache correctMkdir not in flight; initializing
57 http 404 https://registry.npmjs.org/angular-google-mapsnpm
58 verbose headers { 'content-type': 'application/json',
58 verbose headers   'cache-control': 'max-age=0',
58 verbose headers   'content-length': '2',
58 verbose headers   'accept-ranges': 'bytes',
58 verbose headers   date: 'Sat, 24 Dec 2016 23:58:09 GMT',
58 verbose headers   via: '1.1 varnish',
58 verbose headers   age: '0',
58 verbose headers   connection: 'keep-alive',
58 verbose headers   'x-served-by': 'cache-lcy1136-LCY',
58 verbose headers   'x-cache': 'MISS',
58 verbose headers   'x-cache-hits': '0',
58 verbose headers   'x-timer': 'S1482623889.035836,VS0,VE357',
58 verbose headers   vary: 'Accept-Encoding' }
59 silly get cb [ 404,
59 silly get   { 'content-type': 'application/json',
59 silly get     'cache-control': 'max-age=0',
59 silly get     'content-length': '2',
59 silly get     'accept-ranges': 'bytes',
59 silly get     date: 'Sat, 24 Dec 2016 23:58:09 GMT',
59 silly get     via: '1.1 varnish',
59 silly get     age: '0',
59 silly get     connection: 'keep-alive',
59 silly get     'x-served-by': 'cache-lcy1136-LCY',
59 silly get     'x-cache': 'MISS',
59 silly get     'x-cache-hits': '0',
59 silly get     'x-timer': 'S1482623889.035836,VS0,VE357',
59 silly get     vary: 'Accept-Encoding' } ]
60 silly fetchPackageMetaData Error: Registry returned 404 for GET on https://registry.npmjs.org/angular-google-mapsnpm
60 silly fetchPackageMetaData     at makeError (C:\Program Files\nodejs\node_modules\npm\node_modules\npm-registry-client\lib\request.js:302:12)
60 silly fetchPackageMetaData     at CachingRegistryClient.<anonymous> (C:\Program Files\nodejs\node_modules\npm\node_modules\npm-registry-client\lib\request.js:280:14)
60 silly fetchPackageMetaData     at Request._callback (C:\Program Files\nodejs\node_modules\npm\node_modules\npm-registry-client\lib\request.js:210:14)
60 silly fetchPackageMetaData     at Request.self.callback (C:\Program Files\nodejs\node_modules\npm\node_modules\request\request.js:187:22)
60 silly fetchPackageMetaData     at emitTwo (events.js:106:13)
60 silly fetchPackageMetaData     at Request.emit (events.js:191:7)
60 silly fetchPackageMetaData     at Request.<anonymous> (C:\Program Files\nodejs\node_modules\npm\node_modules\request\request.js:1048:10)
60 silly fetchPackageMetaData     at emitOne (events.js:96:13)
60 silly fetchPackageMetaData     at Request.emit (events.js:188:7)
60 silly fetchPackageMetaData     at IncomingMessage.<anonymous> (C:\Program Files\nodejs\node_modules\npm\node_modules\request\request.js:969:12)
60 silly fetchPackageMetaData  error for angular-google-mapsnpm { Error: Registry returned 404 for GET on https://registry.npmjs.org/angular-google-mapsnpm
60 silly fetchPackageMetaData     at makeError (C:\Program Files\nodejs\node_modules\npm\node_modules\npm-registry-client\lib\request.js:302:12)
60 silly fetchPackageMetaData     at CachingRegistryClient.<anonymous> (C:\Program Files\nodejs\node_modules\npm\node_modules\npm-registry-client\lib\request.js:280:14)
60 silly fetchPackageMetaData     at Request._callback (C:\Program Files\nodejs\node_modules\npm\node_modules\npm-registry-client\lib\request.js:210:14)
60 silly fetchPackageMetaData     at Request.self.callback (C:\Program Files\nodejs\node_modules\npm\node_modules\request\request.js:187:22)
60 silly fetchPackageMetaData     at emitTwo (events.js:106:13)
60 silly fetchPackageMetaData     at Request.emit (events.js:191:7)
60 silly fetchPackageMetaData     at Request.<anonymous> (C:\Program Files\nodejs\node_modules\npm\node_modules\request\request.js:1048:10)
60 silly fetchPackageMetaData     at emitOne (events.js:96:13)
60 silly fetchPackageMetaData     at Request.emit (events.js:188:7)
60 silly fetchPackageMetaData     at IncomingMessage.<anonymous> (C:\Program Files\nodejs\node_modules\npm\node_modules\request\request.js:969:12)
60 silly fetchPackageMetaData   pkgid: 'angular-google-mapsnpm',
60 silly fetchPackageMetaData   statusCode: 404,
60 silly fetchPackageMetaData   code: 'E404' }
61 silly rollbackFailedOptional Starting
62 silly rollbackFailedOptional Finishing
63 silly runTopLevelLifecycles Finishing
64 silly install printInstalled
65 verbose stack Error: Registry returned 404 for GET on https://registry.npmjs.org/angular-google-mapsnpm
65 verbose stack     at makeError (C:\Program Files\nodejs\node_modules\npm\node_modules\npm-registry-client\lib\request.js:302:12)
65 verbose stack     at CachingRegistryClient.<anonymous> (C:\Program Files\nodejs\node_modules\npm\node_modules\npm-registry-client\lib\request.js:280:14)
65 verbose stack     at Request._callback (C:\Program Files\nodejs\node_modules\npm\node_modules\npm-registry-client\lib\request.js:210:14)
65 verbose stack     at Request.self.callback (C:\Program Files\nodejs\node_modules\npm\node_modules\request\request.js:187:22)
65 verbose stack     at emitTwo (events.js:106:13)
65 verbose stack     at Request.emit (events.js:191:7)
65 verbose stack     at Request.<anonymous> (C:\Program Files\nodejs\node_modules\npm\node_modules\request\request.js:1048:10)
65 verbose stack     at emitOne (events.js:96:13)
65 verbose stack     at Request.emit (events.js:188:7)
65 verbose stack     at IncomingMessage.<anonymous> (C:\Program Files\nodejs\node_modules\npm\node_modules\request\request.js:969:12)
66 verbose statusCode 404
67 verbose pkgid angular-google-mapsnpm
68 verbose cwd C:\Users\OGOCHUKWU\Desktop\myapp
69 error Windows_NT 6.3.9600
70 error argv "C:\\Program Files\\nodejs\\node.exe" "C:\\Program Files\\nodejs\\node_modules\\npm\\bin\\npm-cli.js" "install" "angular-google-mapsnpm" "install" "angular-google-maps"
71 error node v6.9.2
72 error npm  v3.10.9
73 error code E404
74 error 404 Registry returned 404 for GET on https://registry.npmjs.org/angular-google-mapsnpm
75 error 404
76 error 404 'angular-google-mapsnpm' is not in the npm registry.
77 error 404 You should bug the author to publish it (or use the name yourself!)
78 error 404 Note that you can also install from a
79 error 404 tarball, folder, http url, or git url.
80 verbose exit [ 1, true ]
